[2020-04-26 21:01:41,744] {{taskinstance.py:655}} INFO - Dependencies all met for <TaskInstance: ReclameAqui-scraping_scores.scores_reclameaqui 2020-04-26T21:01:35.547718+00:00 [queued]>
[2020-04-26 21:01:41,783] {{taskinstance.py:655}} INFO - Dependencies all met for <TaskInstance: ReclameAqui-scraping_scores.scores_reclameaqui 2020-04-26T21:01:35.547718+00:00 [queued]>
[2020-04-26 21:01:41,784] {{taskinstance.py:866}} INFO - 
--------------------------------------------------------------------------------
[2020-04-26 21:01:41,784] {{taskinstance.py:867}} INFO - Starting attempt 1 of 2
[2020-04-26 21:01:41,784] {{taskinstance.py:868}} INFO - 
--------------------------------------------------------------------------------
[2020-04-26 21:01:41,827] {{taskinstance.py:887}} INFO - Executing <Task(PythonOperator): scores_reclameaqui> on 2020-04-26T21:01:35.547718+00:00
[2020-04-26 21:01:41,835] {{standard_task_runner.py:53}} INFO - Started process 29760 to run task
[2020-04-26 21:01:41,953] {{logging_mixin.py:112}} INFO - Running %s on host %s <TaskInstance: ReclameAqui-scraping_scores.scores_reclameaqui 2020-04-26T21:01:35.547718+00:00 [running]> 030a07de9129.semantix
[2020-04-26 21:01:41,994] {{logging_mixin.py:112}} INFO - DEBUG GET 1: http://api_consultareclameaqui:5000/scores/
[2020-04-26 21:01:41,995] {{logging_mixin.py:112}} INFO - DEBUG GET 2: Cielo
[2020-04-26 21:01:42,012] {{logging_mixin.py:112}} INFO - 404
[2020-04-26 21:01:42,012] {{logging_mixin.py:112}} INFO - <!DOCTYPE HTML PUBLIC "-//W3C//DTD HTML 3.2 Final//EN">
<title>404 Not Found</title>
<h1>Not Found</h1>
<p>The requested URL was not found on the server. If you entered the URL manually please check your spelling and try again.</p>
[2020-04-26 21:01:42,012] {{logging_mixin.py:112}} INFO - 
[2020-04-26 21:01:42,013] {{python_operator.py:114}} INFO - Done. Returned value was: None
[2020-04-26 21:01:42,028] {{taskinstance.py:1048}} INFO - Marking task as SUCCESS.dag_id=ReclameAqui-scraping_scores, task_id=scores_reclameaqui, execution_date=20200426T210135, start_date=20200426T210141, end_date=20200426T210142
[2020-04-26 21:01:51,650] {{logging_mixin.py:112}} INFO - [2020-04-26 21:01:51,649] {{local_task_job.py:103}} INFO - Task exited with return code 0
