[2020-04-26 21:04:05,008] {{taskinstance.py:655}} INFO - Dependencies all met for <TaskInstance: ReclameAqui-scraping_scores.scores_reclameaqui 2020-04-26T21:03:59.116038+00:00 [queued]>
[2020-04-26 21:04:05,071] {{taskinstance.py:655}} INFO - Dependencies all met for <TaskInstance: ReclameAqui-scraping_scores.scores_reclameaqui 2020-04-26T21:03:59.116038+00:00 [queued]>
[2020-04-26 21:04:05,072] {{taskinstance.py:866}} INFO - 
--------------------------------------------------------------------------------
[2020-04-26 21:04:05,072] {{taskinstance.py:867}} INFO - Starting attempt 1 of 2
[2020-04-26 21:04:05,072] {{taskinstance.py:868}} INFO - 
--------------------------------------------------------------------------------
[2020-04-26 21:04:05,092] {{taskinstance.py:887}} INFO - Executing <Task(PythonOperator): scores_reclameaqui> on 2020-04-26T21:03:59.116038+00:00
[2020-04-26 21:04:05,098] {{standard_task_runner.py:53}} INFO - Started process 31243 to run task
[2020-04-26 21:04:05,161] {{logging_mixin.py:112}} INFO - Running %s on host %s <TaskInstance: ReclameAqui-scraping_scores.scores_reclameaqui 2020-04-26T21:03:59.116038+00:00 [running]> 030a07de9129.semantix
[2020-04-26 21:04:05,185] {{logging_mixin.py:112}} INFO - DEBUG GET 1: http://api_consultareclameaqui:5000/scores/
[2020-04-26 21:04:05,185] {{logging_mixin.py:112}} INFO - DEBUG GET 2: {'company': 'Cielo'}
[2020-04-26 21:04:05,193] {{logging_mixin.py:112}} INFO - 404
[2020-04-26 21:04:05,193] {{logging_mixin.py:112}} INFO - <!DOCTYPE HTML PUBLIC "-//W3C//DTD HTML 3.2 Final//EN">
<title>404 Not Found</title>
<h1>Not Found</h1>
<p>The requested URL was not found on the server. If you entered the URL manually please check your spelling and try again.</p>
[2020-04-26 21:04:05,193] {{logging_mixin.py:112}} INFO - 
[2020-04-26 21:04:05,193] {{python_operator.py:114}} INFO - Done. Returned value was: None
[2020-04-26 21:04:05,203] {{taskinstance.py:1048}} INFO - Marking task as SUCCESS.dag_id=ReclameAqui-scraping_scores, task_id=scores_reclameaqui, execution_date=20200426T210359, start_date=20200426T210405, end_date=20200426T210405
[2020-04-26 21:04:14,954] {{logging_mixin.py:112}} INFO - [2020-04-26 21:04:14,954] {{local_task_job.py:103}} INFO - Task exited with return code 0
