[2020-04-27 00:18:40,933] {{taskinstance.py:655}} INFO - Dependencies all met for <TaskInstance: ReclameAqui-scraping_scores.scores_reclameaqui 2020-04-27T00:18:35.863437+00:00 [queued]>
[2020-04-27 00:18:40,956] {{taskinstance.py:655}} INFO - Dependencies all met for <TaskInstance: ReclameAqui-scraping_scores.scores_reclameaqui 2020-04-27T00:18:35.863437+00:00 [queued]>
[2020-04-27 00:18:40,956] {{taskinstance.py:866}} INFO - 
--------------------------------------------------------------------------------
[2020-04-27 00:18:40,956] {{taskinstance.py:867}} INFO - Starting attempt 1 of 2
[2020-04-27 00:18:40,957] {{taskinstance.py:868}} INFO - 
--------------------------------------------------------------------------------
[2020-04-27 00:18:40,972] {{taskinstance.py:887}} INFO - Executing <Task(PythonOperator): scores_reclameaqui> on 2020-04-27T00:18:35.863437+00:00
[2020-04-27 00:18:40,976] {{standard_task_runner.py:53}} INFO - Started process 21751 to run task
[2020-04-27 00:18:41,038] {{logging_mixin.py:112}} INFO - Running %s on host %s <TaskInstance: ReclameAqui-scraping_scores.scores_reclameaqui 2020-04-27T00:18:35.863437+00:00 [running]> 030a07de9129.semantix
[2020-04-27 00:18:41,060] {{logging_mixin.py:112}} INFO - DEBUG GET 1: http://api_consultareclameaqui:5000/scores
[2020-04-27 00:18:41,060] {{logging_mixin.py:112}} INFO - DEBUG GET 2: {'company': 'Cielo'}
[2020-04-27 00:19:11,183] {{logging_mixin.py:112}} INFO - 200
[2020-04-27 00:19:11,215] {{logging_mixin.py:112}} INFO - {
  "answered": "6044", 
  "reclamations": "6144", 
  "response_time": "15 dias e 1 hora ", 
  "unanswered": "100"
}
[2020-04-27 00:19:11,216] {{logging_mixin.py:112}} INFO - 
[2020-04-27 00:19:11,216] {{python_operator.py:114}} INFO - Done. Returned value was: <Response [200]>
[2020-04-27 00:19:11,280] {{taskinstance.py:1048}} INFO - Marking task as SUCCESS.dag_id=ReclameAqui-scraping_scores, task_id=scores_reclameaqui, execution_date=20200427T001835, start_date=20200427T001840, end_date=20200427T001911
[2020-04-27 00:19:16,091] {{logging_mixin.py:112}} INFO - [2020-04-27 00:19:16,091] {{local_task_job.py:103}} INFO - Task exited with return code 0
