[2020-04-26 20:56:57,027] {{taskinstance.py:655}} INFO - Dependencies all met for <TaskInstance: ReclameAqui-scraping_scores.print_date 2020-04-24T00:00:00+00:00 [queued]>
[2020-04-26 20:56:57,058] {{taskinstance.py:655}} INFO - Dependencies all met for <TaskInstance: ReclameAqui-scraping_scores.print_date 2020-04-24T00:00:00+00:00 [queued]>
[2020-04-26 20:56:57,058] {{taskinstance.py:866}} INFO - 
--------------------------------------------------------------------------------
[2020-04-26 20:56:57,058] {{taskinstance.py:867}} INFO - Starting attempt 1 of 2
[2020-04-26 20:56:57,058] {{taskinstance.py:868}} INFO - 
--------------------------------------------------------------------------------
[2020-04-26 20:56:57,079] {{taskinstance.py:887}} INFO - Executing <Task(BashOperator): print_date> on 2020-04-24T00:00:00+00:00
[2020-04-26 20:56:57,084] {{standard_task_runner.py:53}} INFO - Started process 26814 to run task
[2020-04-26 20:56:57,171] {{logging_mixin.py:112}} INFO - Running %s on host %s <TaskInstance: ReclameAqui-scraping_scores.print_date 2020-04-24T00:00:00+00:00 [running]> 030a07de9129.semantix
[2020-04-26 20:56:57,213] {{bash_operator.py:82}} INFO - Tmp dir root location: 
 /tmp
[2020-04-26 20:56:57,217] {{bash_operator.py:105}} INFO - Temporary script location: /tmp/airflowtmp88auyjb7/print_datesvi0mvg8
[2020-04-26 20:56:57,218] {{bash_operator.py:115}} INFO - Running command: date
[2020-04-26 20:56:57,237] {{bash_operator.py:122}} INFO - Output:
[2020-04-26 20:56:57,250] {{bash_operator.py:126}} INFO - Sun 26 Apr 2020 08:56:57 PM UTC
[2020-04-26 20:56:57,251] {{bash_operator.py:130}} INFO - Command exited with return code 0
[2020-04-26 20:56:57,281] {{taskinstance.py:1048}} INFO - Marking task as SUCCESS.dag_id=ReclameAqui-scraping_scores, task_id=print_date, execution_date=20200424T000000, start_date=20200426T205657, end_date=20200426T205657
[2020-04-26 20:57:06,917] {{logging_mixin.py:112}} INFO - [2020-04-26 20:57:06,916] {{local_task_job.py:103}} INFO - Task exited with return code 0
[2020-04-26 23:00:24,045] {{taskinstance.py:655}} INFO - Dependencies all met for <TaskInstance: ReclameAqui-scraping_scores.print_date 2020-04-24T00:00:00+00:00 [queued]>
[2020-04-26 23:00:24,436] {{taskinstance.py:655}} INFO - Dependencies all met for <TaskInstance: ReclameAqui-scraping_scores.print_date 2020-04-24T00:00:00+00:00 [queued]>
[2020-04-26 23:00:24,437] {{taskinstance.py:866}} INFO - 
--------------------------------------------------------------------------------
[2020-04-26 23:00:24,438] {{taskinstance.py:867}} INFO - Starting attempt 1 of 2
[2020-04-26 23:00:24,438] {{taskinstance.py:868}} INFO - 
--------------------------------------------------------------------------------
[2020-04-26 23:00:24,508] {{taskinstance.py:887}} INFO - Executing <Task(BashOperator): print_date> on 2020-04-24T00:00:00+00:00
[2020-04-26 23:00:24,529] {{standard_task_runner.py:53}} INFO - Started process 5674 to run task
[2020-04-26 23:00:24,699] {{logging_mixin.py:112}} INFO - Running %s on host %s <TaskInstance: ReclameAqui-scraping_scores.print_date 2020-04-24T00:00:00+00:00 [running]> 030a07de9129.semantix
[2020-04-26 23:00:24,742] {{bash_operator.py:82}} INFO - Tmp dir root location: 
 /tmp
[2020-04-26 23:00:24,744] {{bash_operator.py:105}} INFO - Temporary script location: /tmp/airflowtmpa094_waz/print_dateqteyi2ls
[2020-04-26 23:00:24,744] {{bash_operator.py:115}} INFO - Running command: date
[2020-04-26 23:00:24,759] {{bash_operator.py:122}} INFO - Output:
[2020-04-26 23:00:24,767] {{bash_operator.py:126}} INFO - Sun 26 Apr 2020 11:00:24 PM UTC
[2020-04-26 23:00:24,767] {{bash_operator.py:130}} INFO - Command exited with return code 0
[2020-04-26 23:00:24,791] {{taskinstance.py:1048}} INFO - Marking task as SUCCESS.dag_id=ReclameAqui-scraping_scores, task_id=print_date, execution_date=20200424T000000, start_date=20200426T230024, end_date=20200426T230024
[2020-04-26 23:00:33,961] {{logging_mixin.py:112}} INFO - [2020-04-26 23:00:33,961] {{local_task_job.py:103}} INFO - Task exited with return code 0
