[2020-04-26 22:43:30,790] {{taskinstance.py:655}} INFO - Dependencies all met for <TaskInstance: ReclameAqui-scraping_scores.scores_reclameaqui 2020-04-26T22:43:25.814602+00:00 [queued]>
[2020-04-26 22:43:30,817] {{taskinstance.py:655}} INFO - Dependencies all met for <TaskInstance: ReclameAqui-scraping_scores.scores_reclameaqui 2020-04-26T22:43:25.814602+00:00 [queued]>
[2020-04-26 22:43:30,817] {{taskinstance.py:866}} INFO - 
--------------------------------------------------------------------------------
[2020-04-26 22:43:30,818] {{taskinstance.py:867}} INFO - Starting attempt 1 of 2
[2020-04-26 22:43:30,818] {{taskinstance.py:868}} INFO - 
--------------------------------------------------------------------------------
[2020-04-26 22:43:30,838] {{taskinstance.py:887}} INFO - Executing <Task(PythonOperator): scores_reclameaqui> on 2020-04-26T22:43:25.814602+00:00
[2020-04-26 22:43:30,843] {{standard_task_runner.py:53}} INFO - Started process 27508 to run task
[2020-04-26 22:43:30,927] {{logging_mixin.py:112}} INFO - Running %s on host %s <TaskInstance: ReclameAqui-scraping_scores.scores_reclameaqui 2020-04-26T22:43:25.814602+00:00 [running]> 030a07de9129.semantix
[2020-04-26 22:43:30,959] {{taskinstance.py:1128}} ERROR - get_reclameaqui() got an unexpected keyword argument 'conf'
Traceback (most recent call last):
  File "/usr/local/lib/python3.7/site-packages/airflow/models/taskinstance.py", line 966, in _run_raw_task
    result = task_copy.execute(context=context)
  File "/usr/local/lib/python3.7/site-packages/airflow/operators/python_operator.py", line 113, in execute
    return_value = self.execute_callable()
  File "/usr/local/lib/python3.7/site-packages/airflow/operators/python_operator.py", line 118, in execute_callable
    return self.python_callable(*self.op_args, **self.op_kwargs)
TypeError: get_reclameaqui() got an unexpected keyword argument 'conf'
[2020-04-26 22:43:30,961] {{taskinstance.py:1151}} INFO - Marking task as UP_FOR_RETRY
[2020-04-26 22:43:40,702] {{logging_mixin.py:112}} INFO - [2020-04-26 22:43:40,701] {{local_task_job.py:103}} INFO - Task exited with return code 1
