[2020-04-26 23:00:50,886] {{taskinstance.py:655}} INFO - Dependencies all met for <TaskInstance: ReclameAqui-scraping_scores.scores_reclameaqui 2020-04-26T23:00:44.905192+00:00 [queued]>
[2020-04-26 23:00:50,915] {{taskinstance.py:655}} INFO - Dependencies all met for <TaskInstance: ReclameAqui-scraping_scores.scores_reclameaqui 2020-04-26T23:00:44.905192+00:00 [queued]>
[2020-04-26 23:00:50,916] {{taskinstance.py:866}} INFO - 
--------------------------------------------------------------------------------
[2020-04-26 23:00:50,916] {{taskinstance.py:867}} INFO - Starting attempt 1 of 2
[2020-04-26 23:00:50,917] {{taskinstance.py:868}} INFO - 
--------------------------------------------------------------------------------
[2020-04-26 23:00:50,933] {{taskinstance.py:887}} INFO - Executing <Task(PythonOperator): scores_reclameaqui> on 2020-04-26T23:00:44.905192+00:00
[2020-04-26 23:00:50,938] {{standard_task_runner.py:53}} INFO - Started process 5987 to run task
[2020-04-26 23:00:51,016] {{logging_mixin.py:112}} INFO - Running %s on host %s <TaskInstance: ReclameAqui-scraping_scores.scores_reclameaqui 2020-04-26T23:00:44.905192+00:00 [running]> 030a07de9129.semantix
[2020-04-26 23:00:51,045] {{logging_mixin.py:112}} INFO - DEBUG GET 1: http://api_consultareclameaqui:5000/scores
[2020-04-26 23:00:51,045] {{logging_mixin.py:112}} INFO - DEBUG GET 2: {'company': 'Cielo'}
[2020-04-26 23:01:26,032] {{logging_mixin.py:112}} INFO - 200
[2020-04-26 23:01:26,194] {{logging_mixin.py:112}} INFO - {
  "answered": "6044", 
  "reclamations": "6144", 
  "response_time": "15 dias e 1 hora ", 
  "unanswered": "100"
}
[2020-04-26 23:01:26,195] {{logging_mixin.py:112}} INFO - 
[2020-04-26 23:01:26,195] {{python_operator.py:114}} INFO - Done. Returned value was: {
  "answered": "6044", 
  "reclamations": "6144", 
  "response_time": "15 dias e 1 hora ", 
  "unanswered": "100"
}

[2020-04-26 23:01:26,274] {{taskinstance.py:1048}} INFO - Marking task as SUCCESS.dag_id=ReclameAqui-scraping_scores, task_id=scores_reclameaqui, execution_date=20200426T230044, start_date=20200426T230050, end_date=20200426T230126
[2020-04-26 23:01:31,146] {{logging_mixin.py:112}} INFO - [2020-04-26 23:01:31,145] {{local_task_job.py:103}} INFO - Task exited with return code 0
