[2020-04-26 23:38:35,911] {{taskinstance.py:655}} INFO - Dependencies all met for <TaskInstance: ReclameAqui-scraping_scores.persiste_dados_mongodb 2020-04-26T23:37:35.594881+00:00 [queued]>
[2020-04-26 23:38:35,948] {{taskinstance.py:655}} INFO - Dependencies all met for <TaskInstance: ReclameAqui-scraping_scores.persiste_dados_mongodb 2020-04-26T23:37:35.594881+00:00 [queued]>
[2020-04-26 23:38:35,949] {{taskinstance.py:866}} INFO - 
--------------------------------------------------------------------------------
[2020-04-26 23:38:35,950] {{taskinstance.py:867}} INFO - Starting attempt 1 of 2
[2020-04-26 23:38:35,950] {{taskinstance.py:868}} INFO - 
--------------------------------------------------------------------------------
[2020-04-26 23:38:35,970] {{taskinstance.py:887}} INFO - Executing <Task(PythonOperator): persiste_dados_mongodb> on 2020-04-26T23:37:35.594881+00:00
[2020-04-26 23:38:35,976] {{standard_task_runner.py:53}} INFO - Started process 29442 to run task
[2020-04-26 23:38:36,047] {{logging_mixin.py:112}} INFO - Running %s on host %s <TaskInstance: ReclameAqui-scraping_scores.persiste_dados_mongodb 2020-04-26T23:37:35.594881+00:00 [running]> 030a07de9129.semantix
[2020-04-26 23:38:36,073] {{logging_mixin.py:112}} INFO - DEBUG POST: {'company': 'Cielo', 'date': '20200426'}
[2020-04-26 23:38:36,074] {{taskinstance.py:1128}} ERROR - 'str' object has no attribute 'text'
Traceback (most recent call last):
  File "/usr/local/lib/python3.7/site-packages/airflow/models/taskinstance.py", line 966, in _run_raw_task
    result = task_copy.execute(context=context)
  File "/usr/local/lib/python3.7/site-packages/airflow/operators/python_operator.py", line 113, in execute
    return_value = self.execute_callable()
  File "/usr/local/lib/python3.7/site-packages/airflow/operators/python_operator.py", line 118, in execute_callable
    return self.python_callable(*self.op_args, **self.op_kwargs)
  File "/usr/local/airflow/dags/scripts/requests_database.py", line 63, in crud_main
    main_response = post_database(collection, params, jsondata)
  File "/usr/local/airflow/dags/scripts/requests_database.py", line 25, in post_database
    print('DEBUG INSERT: {}'.format(jsondata.text))
AttributeError: 'str' object has no attribute 'text'
[2020-04-26 23:38:36,076] {{taskinstance.py:1151}} INFO - Marking task as UP_FOR_RETRY
[2020-04-26 23:38:45,865] {{logging_mixin.py:112}} INFO - [2020-04-26 23:38:45,864] {{local_task_job.py:103}} INFO - Task exited with return code 1
