[2020-04-26 22:57:06,375] {{taskinstance.py:655}} INFO - Dependencies all met for <TaskInstance: ReclameAqui-scraping_scores.persiste_dados_mongodb 2020-04-26T22:56:20.794873+00:00 [queued]>
[2020-04-26 22:57:06,431] {{taskinstance.py:655}} INFO - Dependencies all met for <TaskInstance: ReclameAqui-scraping_scores.persiste_dados_mongodb 2020-04-26T22:56:20.794873+00:00 [queued]>
[2020-04-26 22:57:06,432] {{taskinstance.py:866}} INFO - 
--------------------------------------------------------------------------------
[2020-04-26 22:57:06,432] {{taskinstance.py:867}} INFO - Starting attempt 1 of 2
[2020-04-26 22:57:06,432] {{taskinstance.py:868}} INFO - 
--------------------------------------------------------------------------------
[2020-04-26 22:57:06,453] {{taskinstance.py:887}} INFO - Executing <Task(PythonOperator): persiste_dados_mongodb> on 2020-04-26T22:56:20.794873+00:00
[2020-04-26 22:57:06,460] {{standard_task_runner.py:53}} INFO - Started process 3528 to run task
[2020-04-26 22:57:06,605] {{logging_mixin.py:112}} INFO - Running %s on host %s <TaskInstance: ReclameAqui-scraping_scores.persiste_dados_mongodb 2020-04-26T22:56:20.794873+00:00 [running]> 030a07de9129.semantix
[2020-04-26 22:57:06,667] {{logging_mixin.py:112}} INFO - DEBUG POST: {'company': 'Cielo', 'date': '20200426'}
[2020-04-26 22:57:07,030] {{logging_mixin.py:112}} INFO - 500
[2020-04-26 22:57:07,031] {{logging_mixin.py:112}} INFO - <!DOCTYPE HTML PUBLIC "-//W3C//DTD HTML 4.01 Transitional//EN"
  "http://www.w3.org/TR/html4/loose.dtd">
<html>
  <head>
    <title>TypeError: Object of type 'set' is not JSON serializable // Werkzeug Debugger</title>
    <link rel="stylesheet" href="?__debugger__=yes&amp;cmd=resource&amp;f=style.css"
        type="text/css">
    <!-- We need to make sure this has a favicon so that the debugger does
         not by accident trigger a request to /favicon.ico which might
         change the application state. -->
    <link rel="shortcut icon"
        href="?__debugger__=yes&amp;cmd=resource&amp;f=console.png">
    <script src="?__debugger__=yes&amp;cmd=resource&amp;f=jquery.js"></script>
    <script src="?__debugger__=yes&amp;cmd=resource&amp;f=debugger.js"></script>
    <script type="text/javascript">
      var TRACEBACK = 140416020044656,
          CONSOLE_MODE = false,
          EVALEX = true,
          EVALEX_TRUSTED = false,
          SECRET = "mNbTGOjn5p7DcjWT9Rmo";
    </script>
  </head>
  <body style="background-color: #fff">
    <div class="debugger">
<h1>TypeError</h1>
<div class="detail">
  <p class="errormsg">TypeError: Object of type 'set' is not JSON serializable</p>
</div>
<h2 class="traceback">Traceback <em>(most recent call last)</em></h2>
<div class="traceback">
  
  <ul><li><div class="frame" id="frame-140416020045048">
  <h4>File <cite class="filename">"/usr/local/lib/python3.6/dist-packages/flask/app.py"</cite>,
      line <em class="line">2464</em>,
      in <code class="function">__call__</code></h4>
  <div class="source library"><pre class="line before"><span class="ws"></span> </pre>
<pre class="line before"><span class="ws">    </span>def __call__(self, environ, start_response):</pre>
<pre class="line before"><span class="ws">        </span>&quot;&quot;&quot;The WSGI server calls the Flask application object as the</pre>
<pre class="line before"><span class="ws">        </span>WSGI application. This calls :meth:`wsgi_app` which can be</pre>
<pre class="line before"><span class="ws">        </span>wrapped to applying middleware.&quot;&quot;&quot;</pre>
<pre class="line current"><span class="ws">        </span>return self.wsgi_app(environ, start_response)</pre>
<pre class="line after"><span class="ws"></span> </pre>
<pre class="line after"><span class="ws">    </span>def __repr__(self):</pre>
<pre class="line after"><span class="ws">        </span>return &quot;&lt;%s %r&gt;&quot; % (self.__class__.__name__, self.name)</pre></div>
</div>

<li><div class="frame" id="frame-140416020043424">
  <h4>File <cite class="filename">"/usr/local/lib/python3.6/dist-packages/flask/app.py"</cite>,
      line <em class="line">2450</em>,
      in <code class="function">wsgi_app</code></h4>
  <div class="source library"><pre class="line before"><span class="ws">            </span>try:</pre>
<pre class="line before"><span class="ws">                </span>ctx.push()</pre>
<pre class="line before"><span class="ws">                </span>response = self.full_dispatch_request()</pre>
<pre class="line before"><span class="ws">            </span>except Exception as e:</pre>
<pre class="line before"><span class="ws">                </span>error = e</pre>
<pre class="line current"><span class="ws">                </span>response = self.handle_exception(e)</pre>
<pre class="line after"><span class="ws">            </span>except:  # noqa: B001</pre>
<pre class="line after"><span class="ws">                </span>error = sys.exc_info()[1]</pre>
<pre class="line after"><span class="ws">                </span>raise</pre>
<pre class="line after"><span class="ws">            </span>return response(environ, start_response)</pre>
<pre class="line after"><span class="ws">        </span>finally:</pre></div>
</div>

<li><div class="frame" id="frame-140416020045272">
  <h4>File <cite class="filename">"/usr/local/lib/python3.6/dist-packages/flask/app.py"</cite>,
      line <em class="line">1867</em>,
      in <code class="function">handle_exception</code></h4>
  <div class="source library"><pre class="line before"><span class="ws">            </span># if we want to repropagate the exception, we can attempt to</pre>
<pre class="line before"><span class="ws">            </span># raise it with the whole traceback in case we can do that</pre>
<pre class="line before"><span class="ws">            </span># (the function was actually called from the except part)</pre>
<pre class="line before"><span class="ws">            </span># otherwise, we just raise the error again</pre>
<pre class="line before"><span class="ws">            </span>if exc_value is e:</pre>
<pre class="line current"><span class="ws">                </span>reraise(exc_type, exc_value, tb)</pre>
<pre class="line after"><span class="ws">            </span>else:</pre>
<pre class="line after"><span class="ws">                </span>raise e</pre>
<pre class="line after"><span class="ws"></span> </pre>
<pre class="line after"><span class="ws">        </span>self.log_exception((exc_type, exc_value, tb))</pre>
<pre class="line after"><span class="ws">        </span>server_error = InternalServerError()</pre></div>
</div>

<li><div class="frame" id="frame-140416020045664">
  <h4>File <cite class="filename">"/usr/local/lib/python3.6/dist-packages/flask/_compat.py"</cite>,
      line <em class="line">39</em>,
      in <code class="function">reraise</code></h4>
  <div class="source library"><pre class="line before"><span class="ws">    </span>import collections.abc as collections_abc</pre>
<pre class="line before"><span class="ws"></span> </pre>
<pre class="line before"><span class="ws">    </span>def reraise(tp, value, tb=None):</pre>
<pre class="line before"><span class="ws">        </span>if value.__traceback__ is not tb:</pre>
<pre class="line before"><span class="ws">            </span>raise value.with_traceback(tb)</pre>
<pre class="line current"><span class="ws">        </span>raise value</pre>
<pre class="line after"><span class="ws"></span> </pre>
<pre class="line after"><span class="ws">    </span>implements_to_string = _identity</pre>
<pre class="line after"><span class="ws"></span> </pre>
<pre class="line after"><span class="ws"></span>else:</pre>
<pre class="line after"><span class="ws">    </span>iterkeys = lambda d: d.iterkeys()</pre></div>
</div>

<li><div class="frame" id="frame-140416020043816">
  <h4>File <cite class="filename">"/usr/local/lib/python3.6/dist-packages/flask/app.py"</cite>,
      line <em class="line">2447</em>,
      in <code class="function">wsgi_app</code></h4>
  <div class="source library"><pre class="line before"><span class="ws">        </span>ctx = self.request_context(environ)</pre>
<pre class="line before"><span class="ws">        </span>error = None</pre>
<pre class="line before"><span class="ws">        </span>try:</pre>
<pre class="line before"><span class="ws">            </span>try:</pre>
<pre class="line before"><span class="ws">                </span>ctx.push()</pre>
<pre class="line current"><span class="ws">                </span>response = self.full_dispatch_request()</pre>
<pre class="line after"><span class="ws">            </span>except Exception as e:</pre>
<pre class="line after"><span class="ws">                </span>error = e</pre>
<pre class="line after"><span class="ws">                </span>response = self.handle_exception(e)</pre>
<pre class="line after"><span class="ws">            </span>except:  # noqa: B001</pre>
<pre class="line after"><span class="ws">                </span>error = sys.exc_info()[1]</pre></div>
</div>

<li><div class="frame" id="frame-140416020044432">
  <h4>File <cite class="filename">"/usr/local/lib/python3.6/dist-packages/flask/app.py"</cite>,
      line <em class="line">1952</em>,
      in <code class="function">full_dispatch_request</code></h4>
  <div class="source library"><pre class="line before"><span class="ws">            </span>request_started.send(self)</pre>
<pre class="line before"><span class="ws">            </span>rv = self.preprocess_request()</pre>
<pre class="line before"><span class="ws">            </span>if rv is None:</pre>
<pre class="line before"><span class="ws">                </span>rv = self.dispatch_request()</pre>
<pre class="line before"><span class="ws">        </span>except Exception as e:</pre>
<pre class="line current"><span class="ws">            </span>rv = self.handle_user_exception(e)</pre>
<pre class="line after"><span class="ws">        </span>return self.finalize_request(rv)</pre>
<pre class="line after"><span class="ws"></span> </pre>
<pre class="line after"><span class="ws">    </span>def finalize_request(self, rv, from_error_handler=False):</pre>
<pre class="line after"><span class="ws">        </span>&quot;&quot;&quot;Given the return value from a view function this finalizes</pre>
<pre class="line after"><span class="ws">        </span>the request by converting it into a response and invoking the</pre></div>
</div>

<li><div class="frame" id="frame-140416020043872">
  <h4>File <cite class="filename">"/usr/local/lib/python3.6/dist-packages/flask/app.py"</cite>,
      line <em class="line">1821</em>,
      in <code class="function">handle_user_exception</code></h4>
  <div class="source library"><pre class="line before"><span class="ws">            </span>return self.handle_http_exception(e)</pre>
<pre class="line before"><span class="ws"></span> </pre>
<pre class="line before"><span class="ws">        </span>handler = self._find_error_handler(e)</pre>
<pre class="line before"><span class="ws"></span> </pre>
<pre class="line before"><span class="ws">        </span>if handler is None:</pre>
<pre class="line current"><span class="ws">            </span>reraise(exc_type, exc_value, tb)</pre>
<pre class="line after"><span class="ws">        </span>return handler(e)</pre>
<pre class="line after"><span class="ws"></span> </pre>
<pre class="line after"><span class="ws">    </span>def handle_exception(self, e):</pre>
<pre class="line after"><span class="ws">        </span>&quot;&quot;&quot;Handle an exception that did not have an error handler</pre>
<pre class="line after"><span class="ws">        </span>associated with it, or that was raised from an error handler.</pre></div>
</div>

<li><div class="frame" id="frame-140416020043704">
  <h4>File <cite class="filename">"/usr/local/lib/python3.6/dist-packages/flask/_compat.py"</cite>,
      line <em class="line">39</em>,
      in <code class="function">reraise</code></h4>
  <div class="source library"><pre class="line before"><span class="ws">    </span>import collections.abc as collections_abc</pre>
<pre class="line before"><span class="ws"></span> </pre>
<pre class="line before"><span class="ws">    </span>def reraise(tp, value, tb=None):</pre>
<pre class="line before"><span class="ws">        </span>if value.__traceback__ is not tb:</pre>
<pre class="line before"><span class="ws">            </span>raise value.with_traceback(tb)</pre>
<pre class="line current"><span class="ws">        </span>raise value</pre>
<pre class="line after"><span class="ws"></span> </pre>
<pre class="line after"><span class="ws">    </span>implements_to_string = _identity</pre>
<pre class="line after"><span class="ws"></span> </pre>
<pre class="line after"><span class="ws"></span>else:</pre>
<pre class="line after"><span class="ws">    </span>iterkeys = lambda d: d.iterkeys()</pre></div>
</div>

<li><div class="frame" id="frame-140416020045440">
  <h4>File <cite class="filename">"/usr/local/lib/python3.6/dist-packages/flask/app.py"</cite>,
      line <em class="line">1950</em>,
      in <code class="function">full_dispatch_request</code></h4>
  <div class="source library"><pre class="line before"><span class="ws">        </span>self.try_trigger_before_first_request_functions()</pre>
<pre class="line before"><span class="ws">        </span>try:</pre>
<pre class="line before"><span class="ws">            </span>request_started.send(self)</pre>
<pre class="line before"><span class="ws">            </span>rv = self.preprocess_request()</pre>
<pre class="line before"><span class="ws">            </span>if rv is None:</pre>
<pre class="line current"><span class="ws">                </span>rv = self.dispatch_request()</pre>
<pre class="line after"><span class="ws">        </span>except Exception as e:</pre>
<pre class="line after"><span class="ws">            </span>rv = self.handle_user_exception(e)</pre>
<pre class="line after"><span class="ws">        </span>return self.finalize_request(rv)</pre>
<pre class="line after"><span class="ws"></span> </pre>
<pre class="line after"><span class="ws">    </span>def finalize_request(self, rv, from_error_handler=False):</pre></div>
</div>

<li><div class="frame" id="frame-140416020042920">
  <h4>File <cite class="filename">"/usr/local/lib/python3.6/dist-packages/flask/app.py"</cite>,
      line <em class="line">1936</em>,
      in <code class="function">dispatch_request</code></h4>
  <div class="source library"><pre class="line before"><span class="ws">            </span>getattr(rule, &quot;provide_automatic_options&quot;, False)</pre>
<pre class="line before"><span class="ws">            </span>and req.method == &quot;OPTIONS&quot;</pre>
<pre class="line before"><span class="ws">        </span>):</pre>
<pre class="line before"><span class="ws">            </span>return self.make_default_options_response()</pre>
<pre class="line before"><span class="ws">        </span># otherwise dispatch to the handler for that endpoint</pre>
<pre class="line current"><span class="ws">        </span>return self.view_functions[rule.endpoint](**req.view_args)</pre>
<pre class="line after"><span class="ws"></span> </pre>
<pre class="line after"><span class="ws">    </span>def full_dispatch_request(self):</pre>
<pre class="line after"><span class="ws">        </span>&quot;&quot;&quot;Dispatches the request and on top of that performs request</pre>
<pre class="line after"><span class="ws">        </span>pre and postprocessing as well as HTTP exception catching and</pre>
<pre class="line after"><span class="ws">        </span>error handling.</pre></div>
</div>

<li><div class="frame" id="frame-140416020043480">
  <h4>File <cite class="filename">"/app/src/service/api.py"</cite>,
      line <em class="line">52</em>,
      in <code class="function">post_scores</code></h4>
  <div class="source "><pre class="line before"><span class="ws"></span> </pre>
<pre class="line before"><span class="ws">    </span>json_raw = request.get_json()</pre>
<pre class="line before"><span class="ws"></span> </pre>
<pre class="line before"><span class="ws">    </span>isValid = validateJSON(json_raw, 'scores')</pre>
<pre class="line before"><span class="ws">    </span>if not isValid:</pre>
<pre class="line current"><span class="ws">        </span>return jsonify({'Formato Invalido', 400})</pre>
<pre class="line after"><span class="ws"></span> </pre>
<pre class="line after"><span class="ws">    </span>json_id = {'_id' : date + company.upper(), 'company' : company, 'date' : date}</pre>
<pre class="line after"><span class="ws">    </span>json_final = {**json_id, **json_raw}</pre>
<pre class="line after"><span class="ws"></span> </pre>
<pre class="line after"><span class="ws">    </span>score = ReclameAquiScore(**json_final)</pre></div>
</div>

<li><div class="frame" id="frame-140416020043648">
  <h4>File <cite class="filename">"/usr/local/lib/python3.6/dist-packages/flask/json/__init__.py"</cite>,
      line <em class="line">370</em>,
      in <code class="function">jsonify</code></h4>
  <div class="source library"><pre class="line before"><span class="ws">        </span>data = args[0]</pre>
<pre class="line before"><span class="ws">    </span>else:</pre>
<pre class="line before"><span class="ws">        </span>data = args or kwargs</pre>
<pre class="line before"><span class="ws"></span> </pre>
<pre class="line before"><span class="ws">    </span>return current_app.response_class(</pre>
<pre class="line current"><span class="ws">        </span>dumps(data, indent=indent, separators=separators) + &quot;\n&quot;,</pre>
<pre class="line after"><span class="ws">        </span>mimetype=current_app.config[&quot;JSONIFY_MIMETYPE&quot;],</pre>
<pre class="line after"><span class="ws">    </span>)</pre>
<pre class="line after"><span class="ws"></span> </pre>
<pre class="line after"><span class="ws"></span> </pre>
<pre class="line after"><span class="ws"></span>def tojson_filter(obj, **kwargs):</pre></div>
</div>

<li><div class="frame" id="frame-140416020043144">
  <h4>File <cite class="filename">"/usr/local/lib/python3.6/dist-packages/flask/json/__init__.py"</cite>,
      line <em class="line">211</em>,
      in <code class="function">dumps</code></h4>
  <div class="source library"><pre class="line before"><span class="ws">        </span>``app`` can be passed directly, rather than requiring an app</pre>
<pre class="line before"><span class="ws">        </span>context for configuration.</pre>
<pre class="line before"><span class="ws">    </span>&quot;&quot;&quot;</pre>
<pre class="line before"><span class="ws">    </span>_dump_arg_defaults(kwargs, app=app)</pre>
<pre class="line before"><span class="ws">    </span>encoding = kwargs.pop(&quot;encoding&quot;, None)</pre>
<pre class="line current"><span class="ws">    </span>rv = _json.dumps(obj, **kwargs)</pre>
<pre class="line after"><span class="ws">    </span>if encoding is not None and isinstance(rv, text_type):</pre>
<pre class="line after"><span class="ws">        </span>rv = rv.encode(encoding)</pre>
<pre class="line after"><span class="ws">    </span>return rv</pre>
<pre class="line after"><span class="ws"></span> </pre>
<pre class="line after"><span class="ws"></span> </pre></div>
</div>

<li><div class="frame" id="frame-140416020045776">
  <h4>File <cite class="filename">"/usr/lib/python3.6/json/__init__.py"</cite>,
      line <em class="line">238</em>,
      in <code class="function">dumps</code></h4>
  <div class="source library"><pre class="line before"><span class="ws">        </span>cls = JSONEncoder</pre>
<pre class="line before"><span class="ws">    </span>return cls(</pre>
<pre class="line before"><span class="ws">        </span>skipkeys=skipkeys, ensure_ascii=ensure_ascii,</pre>
<pre class="line before"><span class="ws">        </span>check_circular=check_circular, allow_nan=allow_nan, indent=indent,</pre>
<pre class="line before"><span class="ws">        </span>separators=separators, default=default, sort_keys=sort_keys,</pre>
<pre class="line current"><span class="ws">        </span>**kw).encode(obj)</pre>
<pre class="line after"><span class="ws"></span> </pre>
<pre class="line after"><span class="ws"></span> </pre>
<pre class="line after"><span class="ws"></span>_default_decoder = JSONDecoder(object_hook=None, object_pairs_hook=None)</pre>
<pre class="line after"><span class="ws"></span> </pre>
<pre class="line after"><span class="ws"></span> </pre></div>
</div>

<li><div class="frame" id="frame-140416020043592">
  <h4>File <cite class="filename">"/usr/lib/python3.6/json/encoder.py"</cite>,
      line <em class="line">201</em>,
      in <code class="function">encode</code></h4>
  <div class="source library"><pre class="line before"><span class="ws">        </span># This doesn't pass the iterator directly to ''.join() because the</pre>
<pre class="line before"><span class="ws">        </span># exceptions aren't as detailed.  The list call should be roughly</pre>
<pre class="line before"><span class="ws">        </span># equivalent to the PySequence_Fast that ''.join() would do.</pre>
<pre class="line before"><span class="ws">        </span>chunks = self.iterencode(o, _one_shot=True)</pre>
<pre class="line before"><span class="ws">        </span>if not isinstance(chunks, (list, tuple)):</pre>
<pre class="line current"><span class="ws">            </span>chunks = list(chunks)</pre>
<pre class="line after"><span class="ws">        </span>return ''.join(chunks)</pre>
<pre class="line after"><span class="ws"></span> </pre>
<pre class="line after"><span class="ws">    </span>def iterencode(self, o, _one_shot=False):</pre>
<pre class="line after"><span class="ws">        </span>&quot;&quot;&quot;Encode the given object and yield each string</pre>
<pre class="line after"><span class="ws">        </span>representation as available.</pre></div>
</div>

<li><div class="frame" id="frame-140416020043312">
  <h4>File <cite class="filename">"/usr/lib/python3.6/json/encoder.py"</cite>,
      line <em class="line">437</em>,
      in <code class="function">_iterencode</code></h4>
  <div class="source library"><pre class="line before"><span class="ws">            </span>if markers is not None:</pre>
<pre class="line before"><span class="ws">                </span>markerid = id(o)</pre>
<pre class="line before"><span class="ws">                </span>if markerid in markers:</pre>
<pre class="line before"><span class="ws">                    </span>raise ValueError(&quot;Circular reference detected&quot;)</pre>
<pre class="line before"><span class="ws">                </span>markers[markerid] = o</pre>
<pre class="line current"><span class="ws">            </span>o = _default(o)</pre>
<pre class="line after"><span class="ws">            </span>yield from _iterencode(o, _current_indent_level)</pre>
<pre class="line after"><span class="ws">            </span>if markers is not None:</pre>
<pre class="line after"><span class="ws">                </span>del markers[markerid]</pre>
<pre class="line after"><span class="ws">    </span>return _iterencode</pre></div>
</div>

<li><div class="frame" id="frame-140416020043032">
  <h4>File <cite class="filename">"/usr/local/lib/python3.6/dist-packages/flask/json/__init__.py"</cite>,
      line <em class="line">100</em>,
      in <code class="function">default</code></h4>
  <div class="source library"><pre class="line before"><span class="ws">            </span>return str(o)</pre>
<pre class="line before"><span class="ws">        </span>if dataclasses and dataclasses.is_dataclass(o):</pre>
<pre class="line before"><span class="ws">            </span>return dataclasses.asdict(o)</pre>
<pre class="line before"><span class="ws">        </span>if hasattr(o, &quot;__html__&quot;):</pre>
<pre class="line before"><span class="ws">            </span>return text_type(o.__html__())</pre>
<pre class="line current"><span class="ws">        </span>return _json.JSONEncoder.default(self, o)</pre>
<pre class="line after"><span class="ws"></span> </pre>
<pre class="line after"><span class="ws"></span> </pre>
<pre class="line after"><span class="ws"></span>class JSONDecoder(_json.JSONDecoder):</pre>
<pre class="line after"><span class="ws">    </span>&quot;&quot;&quot;The default JSON decoder.  This one does not change the behavior from</pre>
<pre class="line after"><span class="ws">    </span>the default simplejson decoder.  Consult the :mod:`json` documentation</pre></div>
</div>

<li><div class="frame" id="frame-140416020042976">
  <h4>File <cite class="filename">"/usr/lib/python3.6/json/encoder.py"</cite>,
      line <em class="line">180</em>,
      in <code class="function">default</code></h4>
  <div class="source library"><pre class="line before"><span class="ws">                </span># Let the base class default method raise the TypeError</pre>
<pre class="line before"><span class="ws">                </span>return JSONEncoder.default(self, o)</pre>
<pre class="line before"><span class="ws"></span> </pre>
<pre class="line before"><span class="ws">        </span>&quot;&quot;&quot;</pre>
<pre class="line before"><span class="ws">        </span>raise TypeError(&quot;Object of type '%s' is not JSON serializable&quot; %</pre>
<pre class="line current"><span class="ws">                        </span>o.__class__.__name__)</pre>
<pre class="line after"><span class="ws"></span> </pre>
<pre class="line after"><span class="ws">    </span>def encode(self, o):</pre>
<pre class="line after"><span class="ws">        </span>&quot;&quot;&quot;Return a JSON string representation of a Python data structure.</pre>
<pre class="line after"><span class="ws"></span> </pre>
<pre class="line after"><span class="ws">        </span>&gt;&gt;&gt; from json.encoder import JSONEncoder</pre></div>
</div>
</ul>
  <blockquote>TypeError: Object of type 'set' is not JSON serializable</blockquote>
</div>

<div class="plain">
  <form action="/?__debugger__=yes&amp;cmd=paste" method="post">
    <p>
      <input type="hidden" name="language" value="pytb">
      This is the Copy/Paste friendly version of the traceback.  <span
      class="pastemessage">You can also paste this traceback into
      a <a href="https://gist.github.com/">gist</a>:
      <input type="submit" value="create paste"></span>
    </p>
    <textarea cols="50" rows="10" name="code" readonly>Traceback (most recent call last):
  File &quot;/usr/local/lib/python3.6/dist-packages/flask/app.py&quot;, line 2464, in __call__
    return self.wsgi_app(environ, start_response)
  File &quot;/usr/local/lib/python3.6/dist-packages/flask/app.py&quot;, line 2450, in wsgi_app
    response = self.handle_exception(e)
  File &quot;/usr/local/lib/python3.6/dist-packages/flask/app.py&quot;, line 1867, in handle_exception
    reraise(exc_type, exc_value, tb)
  File &quot;/usr/local/lib/python3.6/dist-packages/flask/_compat.py&quot;, line 39, in reraise
    raise value
  File &quot;/usr/local/lib/python3.6/dist-packages/flask/app.py&quot;, line 2447, in wsgi_app
    response = self.full_dispatch_request()
  File &quot;/usr/local/lib/python3.6/dist-packages/flask/app.py&quot;, line 1952, in full_dispatch_request
    rv = self.handle_user_exception(e)
  File &quot;/usr/local/lib/python3.6/dist-packages/flask/app.py&quot;, line 1821, in handle_user_exception
    reraise(exc_type, exc_value, tb)
  File &quot;/usr/local/lib/python3.6/dist-packages/flask/_compat.py&quot;, line 39, in reraise
    raise value
  File &quot;/usr/local/lib/python3.6/dist-packages/flask/app.py&quot;, line 1950, in full_dispatch_request
    rv = self.dispatch_request()
  File &quot;/usr/local/lib/python3.6/dist-packages/flask/app.py&quot;, line 1936, in dispatch_request
    return self.view_functions[rule.endpoint](**req.view_args)
  File &quot;/app/src/service/api.py&quot;, line 52, in post_scores
    return jsonify({'Formato Invalido', 400})
  File &quot;/usr/local/lib/python3.6/dist-packages/flask/json/__init__.py&quot;, line 370, in jsonify
    dumps(data, indent=indent, separators=separators) + &quot;\n&quot;,
  File &quot;/usr/local/lib/python3.6/dist-packages/flask/json/__init__.py&quot;, line 211, in dumps
    rv = _json.dumps(obj, **kwargs)
  File &quot;/usr/lib/python3.6/json/__init__.py&quot;, line 238, in dumps
    **kw).encode(obj)
  File &quot;/usr/lib/python3.6/json/encoder.py&quot;, line 201, in encode
    chunks = list(chunks)
  File &quot;/usr/lib/python3.6/json/encoder.py&quot;, line 437, in _iterencode
    o = _default(o)
  File &quot;/usr/local/lib/python3.6/dist-packages/flask/json/__init__.py&quot;, line 100, in default
    return _json.JSONEncoder.default(self, o)
  File &quot;/usr/lib/python3.6/json/encoder.py&quot;, line 180, in default
    o.__class__.__name__)
TypeError: Object of type 'set' is not JSON serializable</textarea>
  </form>
</div>
<div class="explanation">
  The debugger caught an exception in your WSGI application.  You can now
  look at the traceback which led to the error.  <span class="nojavascript">
  If you enable JavaScript you can also use additional features such as code
  execution (if the evalex feature is enabled), automatic pasting of the
  exceptions and much more.</span>
</div>
      <div class="footer">
        Brought to you by <strong class="arthur">DON'T PANIC</strong>, your
        friendly Werkzeug powered traceback interpreter.
      </div>
    </div>

    <div class="pin-prompt">
      <div class="inner">
        <h3>Console Locked</h3>
        <p>
          The console is locked and needs to be unlocked by entering the PIN.
          You can find the PIN printed out on the standard output of your
          shell that runs the server.
        <form>
          <p>PIN:
            <input type=text name=pin size=14>
            <input type=submit name=btn value="Confirm Pin">
        </form>
      </div>
    </div>
  </body>
</html>

<!--

Traceback (most recent call last):
  File "/usr/local/lib/python3.6/dist-packages/flask/app.py", line 2464, in __call__
    return self.wsgi_app(environ, start_response)
  File "/usr/local/lib/python3.6/dist-packages/flask/app.py", line 2450, in wsgi_app
    response = self.handle_exception(e)
  File "/usr/local/lib/python3.6/dist-packages/flask/app.py", line 1867, in handle_exception
    reraise(exc_type, exc_value, tb)
  File "/usr/local/lib/python3.6/dist-packages/flask/_compat.py", line 39, in reraise
    raise value
  File "/usr/local/lib/python3.6/dist-packages/flask/app.py", line 2447, in wsgi_app
    response = self.full_dispatch_request()
  File "/usr/local/lib/python3.6/dist-packages/flask/app.py", line 1952, in full_dispatch_request
    rv = self.handle_user_exception(e)
  File "/usr/local/lib/python3.6/dist-packages/flask/app.py", line 1821, in handle_user_exception
    reraise(exc_type, exc_value, tb)
  File "/usr/local/lib/python3.6/dist-packages/flask/_compat.py", line 39, in reraise
    raise value
  File "/usr/local/lib/python3.6/dist-packages/flask/app.py", line 1950, in full_dispatch_request
    rv = self.dispatch_request()
  File "/usr/local/lib/python3.6/dist-packages/flask/app.py", line 1936, in dispatch_request
    return self.view_functions[rule.endpoint](**req.view_args)
  File "/app/src/service/api.py", line 52, in post_scores
    return jsonify({'Formato Invalido', 400})
  File "/usr/local/lib/python3.6/dist-packages/flask/json/__init__.py", line 370, in jsonify
    dumps(data, indent=indent, separators=separators) + "\n",
  File "/usr/local/lib/python3.6/dist-packages/flask/json/__init__.py", line 211, in dumps
    rv = _json.dumps(obj, **kwargs)
  File "/usr/lib/python3.6/json/__init__.py", line 238, in dumps
    **kw).encode(obj)
  File "/usr/lib/python3.6/json/encoder.py", line 201, in encode
    chunks = list(chunks)
  File "/usr/lib/python3.6/json/encoder.py", line 437, in _iterencode
    o = _default(o)
  File "/usr/local/lib/python3.6/dist-packages/flask/json/__init__.py", line 100, in default
    return _json.JSONEncoder.default(self, o)
  File "/usr/lib/python3.6/json/encoder.py", line 180, in default
    o.__class__.__name__)
TypeError: Object of type 'set' is not JSON serializable

-->
[2020-04-26 22:57:07,034] {{logging_mixin.py:112}} INFO - 
[2020-04-26 22:57:07,035] {{python_operator.py:114}} INFO - Done. Returned value was: None
[2020-04-26 22:57:07,056] {{taskinstance.py:1048}} INFO - Marking task as SUCCESS.dag_id=ReclameAqui-scraping_scores, task_id=persiste_dados_mongodb, execution_date=20200426T225620, start_date=20200426T225706, end_date=20200426T225707
[2020-04-26 22:57:16,345] {{logging_mixin.py:112}} INFO - [2020-04-26 22:57:16,345] {{local_task_job.py:103}} INFO - Task exited with return code 0
