[2020-04-26 20:56:57,016] {{taskinstance.py:655}} INFO - Dependencies all met for <TaskInstance: ReclameAqui-scraping_scores.print_date 2020-04-25T00:00:00+00:00 [queued]>
[2020-04-26 20:56:57,051] {{taskinstance.py:655}} INFO - Dependencies all met for <TaskInstance: ReclameAqui-scraping_scores.print_date 2020-04-25T00:00:00+00:00 [queued]>
[2020-04-26 20:56:57,051] {{taskinstance.py:866}} INFO - 
--------------------------------------------------------------------------------
[2020-04-26 20:56:57,052] {{taskinstance.py:867}} INFO - Starting attempt 1 of 2
[2020-04-26 20:56:57,052] {{taskinstance.py:868}} INFO - 
--------------------------------------------------------------------------------
[2020-04-26 20:56:57,067] {{taskinstance.py:887}} INFO - Executing <Task(BashOperator): print_date> on 2020-04-25T00:00:00+00:00
[2020-04-26 20:56:57,074] {{standard_task_runner.py:53}} INFO - Started process 26813 to run task
[2020-04-26 20:56:57,171] {{logging_mixin.py:112}} INFO - Running %s on host %s <TaskInstance: ReclameAqui-scraping_scores.print_date 2020-04-25T00:00:00+00:00 [running]> 030a07de9129.semantix
[2020-04-26 20:56:57,214] {{bash_operator.py:82}} INFO - Tmp dir root location: 
 /tmp
[2020-04-26 20:56:57,219] {{bash_operator.py:105}} INFO - Temporary script location: /tmp/airflowtmpgeuqzun2/print_dateeasedeiu
[2020-04-26 20:56:57,219] {{bash_operator.py:115}} INFO - Running command: date
[2020-04-26 20:56:57,236] {{bash_operator.py:122}} INFO - Output:
[2020-04-26 20:56:57,250] {{bash_operator.py:126}} INFO - Sun 26 Apr 2020 08:56:57 PM UTC
[2020-04-26 20:56:57,251] {{bash_operator.py:130}} INFO - Command exited with return code 0
[2020-04-26 20:56:57,282] {{taskinstance.py:1048}} INFO - Marking task as SUCCESS.dag_id=ReclameAqui-scraping_scores, task_id=print_date, execution_date=20200425T000000, start_date=20200426T205657, end_date=20200426T205657
[2020-04-26 20:57:06,917] {{logging_mixin.py:112}} INFO - [2020-04-26 20:57:06,916] {{local_task_job.py:103}} INFO - Task exited with return code 0
[2020-04-26 23:00:30,619] {{taskinstance.py:655}} INFO - Dependencies all met for <TaskInstance: ReclameAqui-scraping_scores.print_date 2020-04-25T00:00:00+00:00 [queued]>
[2020-04-26 23:00:30,739] {{taskinstance.py:655}} INFO - Dependencies all met for <TaskInstance: ReclameAqui-scraping_scores.print_date 2020-04-25T00:00:00+00:00 [queued]>
[2020-04-26 23:00:30,740] {{taskinstance.py:866}} INFO - 
--------------------------------------------------------------------------------
[2020-04-26 23:00:30,740] {{taskinstance.py:867}} INFO - Starting attempt 1 of 2
[2020-04-26 23:00:30,740] {{taskinstance.py:868}} INFO - 
--------------------------------------------------------------------------------
[2020-04-26 23:00:30,749] {{taskinstance.py:887}} INFO - Executing <Task(BashOperator): print_date> on 2020-04-25T00:00:00+00:00
[2020-04-26 23:00:30,753] {{standard_task_runner.py:53}} INFO - Started process 5761 to run task
[2020-04-26 23:00:30,811] {{logging_mixin.py:112}} INFO - Running %s on host %s <TaskInstance: ReclameAqui-scraping_scores.print_date 2020-04-25T00:00:00+00:00 [running]> 030a07de9129.semantix
[2020-04-26 23:00:30,831] {{bash_operator.py:82}} INFO - Tmp dir root location: 
 /tmp
[2020-04-26 23:00:30,833] {{bash_operator.py:105}} INFO - Temporary script location: /tmp/airflowtmp50cu69so/print_date3ts_lh61
[2020-04-26 23:00:30,833] {{bash_operator.py:115}} INFO - Running command: date
[2020-04-26 23:00:30,840] {{bash_operator.py:122}} INFO - Output:
[2020-04-26 23:00:30,847] {{bash_operator.py:126}} INFO - Sun 26 Apr 2020 11:00:30 PM UTC
[2020-04-26 23:00:30,847] {{bash_operator.py:130}} INFO - Command exited with return code 0
[2020-04-26 23:00:30,859] {{taskinstance.py:1048}} INFO - Marking task as SUCCESS.dag_id=ReclameAqui-scraping_scores, task_id=print_date, execution_date=20200425T000000, start_date=20200426T230030, end_date=20200426T230030
[2020-04-26 23:00:40,585] {{logging_mixin.py:112}} INFO - [2020-04-26 23:00:40,585] {{local_task_job.py:103}} INFO - Task exited with return code 0
