[2020-04-26 18:54:41,645] {{taskinstance.py:655}} INFO - Dependencies all met for <TaskInstance: ReclameAqui.persiste_dados_mongodb 2020-04-26T18:54:38.217646+00:00 [queued]>
[2020-04-26 18:54:41,669] {{taskinstance.py:655}} INFO - Dependencies all met for <TaskInstance: ReclameAqui.persiste_dados_mongodb 2020-04-26T18:54:38.217646+00:00 [queued]>
[2020-04-26 18:54:41,669] {{taskinstance.py:866}} INFO - 
--------------------------------------------------------------------------------
[2020-04-26 18:54:41,670] {{taskinstance.py:867}} INFO - Starting attempt 1 of 2
[2020-04-26 18:54:41,670] {{taskinstance.py:868}} INFO - 
--------------------------------------------------------------------------------
[2020-04-26 18:54:41,690] {{taskinstance.py:887}} INFO - Executing <Task(PythonOperator): persiste_dados_mongodb> on 2020-04-26T18:54:38.217646+00:00
[2020-04-26 18:54:41,694] {{standard_task_runner.py:53}} INFO - Started process 15387 to run task
[2020-04-26 18:54:41,761] {{logging_mixin.py:112}} INFO - Running %s on host %s <TaskInstance: ReclameAqui.persiste_dados_mongodb 2020-04-26T18:54:38.217646+00:00 [running]> 030a07de9129.semantix
[2020-04-26 18:54:41,782] {{taskinstance.py:1128}} ERROR - crud_main() missing 5 required positional arguments: 'metod', 'company', 'collection', 'date', and 'jsondata'
Traceback (most recent call last):
  File "/usr/local/lib/python3.7/site-packages/airflow/models/taskinstance.py", line 966, in _run_raw_task
    result = task_copy.execute(context=context)
  File "/usr/local/lib/python3.7/site-packages/airflow/operators/python_operator.py", line 113, in execute
    return_value = self.execute_callable()
  File "/usr/local/lib/python3.7/site-packages/airflow/operators/python_operator.py", line 118, in execute_callable
    return self.python_callable(*self.op_args, **self.op_kwargs)
TypeError: crud_main() missing 5 required positional arguments: 'metod', 'company', 'collection', 'date', and 'jsondata'
[2020-04-26 18:54:41,784] {{taskinstance.py:1151}} INFO - Marking task as UP_FOR_RETRY
[2020-04-26 18:54:51,630] {{logging_mixin.py:112}} INFO - [2020-04-26 18:54:51,629] {{local_task_job.py:103}} INFO - Task exited with return code 1
