[2020-04-27 00:19:58,542] {{taskinstance.py:655}} INFO - Dependencies all met for <TaskInstance: ReclameAqui-scraping_scores.scores_reclameaqui 2020-04-27T00:14:51.405780+00:00 [queued]>
[2020-04-27 00:19:58,565] {{taskinstance.py:655}} INFO - Dependencies all met for <TaskInstance: ReclameAqui-scraping_scores.scores_reclameaqui 2020-04-27T00:14:51.405780+00:00 [queued]>
[2020-04-27 00:19:58,565] {{taskinstance.py:866}} INFO - 
--------------------------------------------------------------------------------
[2020-04-27 00:19:58,565] {{taskinstance.py:867}} INFO - Starting attempt 2 of 2
[2020-04-27 00:19:58,565] {{taskinstance.py:868}} INFO - 
--------------------------------------------------------------------------------
[2020-04-27 00:19:58,615] {{taskinstance.py:887}} INFO - Executing <Task(PythonOperator): scores_reclameaqui> on 2020-04-27T00:14:51.405780+00:00
[2020-04-27 00:19:58,621] {{standard_task_runner.py:53}} INFO - Started process 22567 to run task
[2020-04-27 00:19:58,727] {{logging_mixin.py:112}} INFO - Running %s on host %s <TaskInstance: ReclameAqui-scraping_scores.scores_reclameaqui 2020-04-27T00:14:51.405780+00:00 [running]> 030a07de9129.semantix
[2020-04-27 00:19:58,755] {{logging_mixin.py:112}} INFO - DEBUG GET 1: http://api_consultareclameaqui:5000/scores
[2020-04-27 00:19:58,756] {{logging_mixin.py:112}} INFO - DEBUG GET 2: {'company': 'Cielo'}
[2020-04-27 00:20:32,990] {{logging_mixin.py:112}} INFO - 200
[2020-04-27 00:20:33,006] {{logging_mixin.py:112}} INFO - {
  "answered": "6044", 
  "reclamations": "6144", 
  "response_time": "15 dias e 1 hora ", 
  "unanswered": "100"
}
[2020-04-27 00:20:33,007] {{logging_mixin.py:112}} INFO - 
[2020-04-27 00:20:33,007] {{python_operator.py:114}} INFO - Done. Returned value was: <Response [200]>
[2020-04-27 00:20:33,037] {{taskinstance.py:1048}} INFO - Marking task as SUCCESS.dag_id=ReclameAqui-scraping_scores, task_id=scores_reclameaqui, execution_date=20200427T001451, start_date=20200427T001958, end_date=20200427T002033
[2020-04-27 00:20:33,654] {{logging_mixin.py:112}} INFO - [2020-04-27 00:20:33,653] {{local_task_job.py:103}} INFO - Task exited with return code 0
